2019-06-11 10:23:51,639 INFO o.a.j.u.JMeterUtils: Setting Locale to en_EN
2019-06-11 10:23:51,719 INFO o.a.j.JMeter: Loading user properties from: /usr/local/Cellar/jmeter/4.0/libexec/bin/user.properties
2019-06-11 10:23:51,720 INFO o.a.j.JMeter: Loading system properties from: /usr/local/Cellar/jmeter/4.0/libexec/bin/system.properties
2019-06-11 10:23:51,733 INFO o.a.j.JMeter: Copyright (c) 1998-2018 The Apache Software Foundation
2019-06-11 10:23:51,733 INFO o.a.j.JMeter: Version 4.0 r1823414
2019-06-11 10:23:51,734 INFO o.a.j.JMeter: java.version=1.8.0_161
2019-06-11 10:23:51,734 INFO o.a.j.JMeter: java.vm.name=Java HotSpot(TM) 64-Bit Server VM
2019-06-11 10:23:51,734 INFO o.a.j.JMeter: os.name=Mac OS X
2019-06-11 10:23:51,734 INFO o.a.j.JMeter: os.arch=x86_64
2019-06-11 10:23:51,734 INFO o.a.j.JMeter: os.version=10.12.6
2019-06-11 10:23:51,734 INFO o.a.j.JMeter: file.encoding=UTF-8
2019-06-11 10:23:51,734 INFO o.a.j.JMeter: Max memory     =1073741824
2019-06-11 10:23:51,735 INFO o.a.j.JMeter: Available Processors =8
2019-06-11 10:23:51,755 INFO o.a.j.JMeter: Default Locale=English (EN)
2019-06-11 10:23:51,756 INFO o.a.j.JMeter: JMeter  Locale=English (EN)
2019-06-11 10:23:51,756 INFO o.a.j.JMeter: JMeterHome=/usr/local/Cellar/jmeter/4.0/libexec
2019-06-11 10:23:51,756 INFO o.a.j.JMeter: user.dir  =/Users/nisum/Documents/jmeter_script
2019-06-11 10:23:51,757 INFO o.a.j.JMeter: PWD       =/Users/nisum/Documents/jmeter_script
2019-06-11 10:23:57,011 INFO o.a.j.JMeter: IP: 192.168.53.174 Name: manjari-narni.local FullName: 192.168.53.174
2019-06-11 10:23:59,691 INFO o.a.j.g.a.LookAndFeelCommand: Installing Darcula LAF
2019-06-11 10:23:59,712 INFO o.a.j.g.a.LookAndFeelCommand: Using look and feel: com.apple.laf.AquaLookAndFeel [Darcula]
2019-06-11 10:23:59,712 INFO o.a.j.JMeter: Setting LAF to: com.apple.laf.AquaLookAndFeel
2019-06-11 10:23:59,715 INFO o.a.j.JMeter: Loaded icon properties from org/apache/jmeter/images/icon.properties
2019-06-11 10:24:00,464 INFO o.a.j.e.u.CompoundVariable: Note: Function class names must contain the string: '.functions.'
2019-06-11 10:24:00,464 INFO o.a.j.e.u.CompoundVariable: Note: Function class names must not contain the string: '.gui.'
2019-06-11 10:24:04,928 INFO o.a.j.p.h.s.HTTPSamplerBase: Parser for text/html is org.apache.jmeter.protocol.http.parser.LagartoBasedHtmlParser
2019-06-11 10:24:04,930 INFO o.a.j.p.h.s.HTTPSamplerBase: Parser for application/xhtml+xml is org.apache.jmeter.protocol.http.parser.LagartoBasedHtmlParser
2019-06-11 10:24:04,930 INFO o.a.j.p.h.s.HTTPSamplerBase: Parser for application/xml is org.apache.jmeter.protocol.http.parser.LagartoBasedHtmlParser
2019-06-11 10:24:04,930 INFO o.a.j.p.h.s.HTTPSamplerBase: Parser for text/xml is org.apache.jmeter.protocol.http.parser.LagartoBasedHtmlParser
2019-06-11 10:24:04,931 INFO o.a.j.p.h.s.HTTPSamplerBase: Parser for text/vnd.wap.wml is org.apache.jmeter.protocol.http.parser.RegexpHTMLParser
2019-06-11 10:24:04,931 INFO o.a.j.p.h.s.HTTPSamplerBase: Parser for text/css is org.apache.jmeter.protocol.http.parser.CssParser
2019-06-11 10:24:05,697 INFO o.a.j.e.KeyToolUtils: keytool found at 'keytool'
2019-06-11 10:24:05,699 INFO o.a.j.p.h.p.ProxyControl: HTTP(S) Test Script Recorder SSL Proxy will use keys that support embedded 3rd party resources in file /usr/local/Cellar/jmeter/4.0/libexec/bin/proxyserver.jks
2019-06-11 10:24:05,961 INFO o.a.j.s.FileServer: Default base='/Users/nisum/Documents/jmeter_script'
2019-06-11 10:24:06,841 INFO o.a.j.s.SampleResult: Note: Sample TimeStamps are START times
2019-06-11 10:24:06,842 INFO o.a.j.s.SampleResult: sampleresult.default.encoding is set to ISO-8859-1
2019-06-11 10:24:06,844 INFO o.a.j.s.SampleResult: sampleresult.useNanoTime=true
2019-06-11 10:24:06,848 INFO o.a.j.s.SampleResult: sampleresult.nanoThreadSleep=5000
2019-06-11 10:24:22,836 INFO o.a.j.g.a.Load: Loading file: /Users/nisum/Downloads/demo2/target/Springboot.jmx
2019-06-11 10:24:22,837 INFO o.a.j.s.FileServer: Set new base='/Users/nisum/Downloads/demo2/target'
2019-06-11 10:24:23,147 INFO o.a.j.s.SaveService: Testplan (JMX) version: 2.2. Testlog (JTL) version: 2.2
2019-06-11 10:24:23,195 INFO o.a.j.s.SaveService: Using SaveService properties file encoding UTF-8
2019-06-11 10:24:23,199 INFO o.a.j.s.SaveService: Using SaveService properties version 4.0
2019-06-11 10:24:23,205 INFO o.a.j.s.SaveService: Loading file: /Users/nisum/Downloads/demo2/target/Springboot.jmx
2019-06-11 10:24:23,447 INFO o.a.j.s.FileServer: Set new base='/Users/nisum/Downloads/demo2/target'
2019-06-11 10:26:13,119 INFO o.a.j.e.StandardJMeterEngine: Running the test!
2019-06-11 10:26:13,121 INFO o.a.j.s.SampleEvent: List of sample_variables: []
2019-06-11 10:26:13,121 INFO o.a.j.s.SampleEvent: List of sample_variables: []
2019-06-11 10:26:13,130 INFO o.a.j.g.u.JMeterMenuBar: setRunning(true, *local*)
2019-06-11 10:26:13,281 INFO o.a.j.e.StandardJMeterEngine: Starting ThreadGroup: 1 : Thread Group
2019-06-11 10:26:13,282 INFO o.a.j.e.StandardJMeterEngine: Starting 1 threads for group Thread Group.
2019-06-11 10:26:13,282 INFO o.a.j.e.StandardJMeterEngine: Thread will continue on error
2019-06-11 10:26:13,282 INFO o.a.j.t.ThreadGroup: Starting thread group... number=1 threads=1 ramp-up=1 perThread=1000.0 delayedStart=false
2019-06-11 10:26:13,289 INFO o.a.j.t.ThreadGroup: Started thread group number 1
2019-06-11 10:26:13,289 INFO o.a.j.e.StandardJMeterEngine: All thread groups have been started
2019-06-11 10:26:13,295 INFO o.a.j.t.JMeterThread: Thread started: Thread Group 1-1
2019-06-11 10:26:13,315 INFO o.a.j.p.h.s.HTTPHCAbstractImpl: Local host = manjari-narni.local
2019-06-11 10:26:13,321 INFO o.a.j.p.h.s.HTTPHC4Impl: HTTP request retry count = 0
2019-06-11 10:26:13,499 INFO o.a.j.t.JMeterThread: Thread is done: Thread Group 1-1
2019-06-11 10:26:13,499 INFO o.a.j.t.JMeterThread: Thread finished: Thread Group 1-1
2019-06-11 10:26:13,500 INFO o.a.j.e.StandardJMeterEngine: Notifying test listeners of end of test
2019-06-11 10:26:13,501 INFO o.a.j.g.u.JMeterMenuBar: setRunning(false, *local*)
2019-06-11 10:30:25,291 INFO o.a.j.e.StandardJMeterEngine: Running the test!
2019-06-11 10:30:25,292 INFO o.a.j.s.SampleEvent: List of sample_variables: []
2019-06-11 10:30:25,294 INFO o.a.j.g.u.JMeterMenuBar: setRunning(true, *local*)
2019-06-11 10:30:25,303 INFO o.a.j.e.StandardJMeterEngine: Starting ThreadGroup: 1 : Thread Group
2019-06-11 10:30:25,304 INFO o.a.j.e.StandardJMeterEngine: Starting 1 threads for group Thread Group.
2019-06-11 10:30:25,304 INFO o.a.j.e.StandardJMeterEngine: Thread will continue on error
2019-06-11 10:30:25,304 INFO o.a.j.t.ThreadGroup: Starting thread group... number=1 threads=1 ramp-up=1 perThread=1000.0 delayedStart=false
2019-06-11 10:30:25,305 INFO o.a.j.t.ThreadGroup: Started thread group number 1
2019-06-11 10:30:25,305 INFO o.a.j.e.StandardJMeterEngine: All thread groups have been started
2019-06-11 10:30:25,306 INFO o.a.j.t.JMeterThread: Thread started: Thread Group 1-1
2019-06-11 10:30:25,354 INFO o.a.j.t.JMeterThread: Thread is done: Thread Group 1-1
2019-06-11 10:30:25,355 INFO o.a.j.t.JMeterThread: Thread finished: Thread Group 1-1
2019-06-11 10:30:25,355 INFO o.a.j.e.StandardJMeterEngine: Notifying test listeners of end of test
2019-06-11 10:30:25,355 INFO o.a.j.g.u.JMeterMenuBar: setRunning(false, *local*)
2019-06-11 10:32:43,429 INFO o.a.j.e.StandardJMeterEngine: Running the test!
2019-06-11 10:32:43,430 INFO o.a.j.s.SampleEvent: List of sample_variables: []
2019-06-11 10:32:43,431 INFO o.a.j.g.u.JMeterMenuBar: setRunning(true, *local*)
2019-06-11 10:32:43,551 INFO o.a.j.e.StandardJMeterEngine: Starting ThreadGroup: 1 : Thread Group
2019-06-11 10:32:43,551 INFO o.a.j.e.StandardJMeterEngine: Starting 1 threads for group Thread Group.
2019-06-11 10:32:43,551 INFO o.a.j.e.StandardJMeterEngine: Thread will continue on error
2019-06-11 10:32:43,552 INFO o.a.j.t.ThreadGroup: Starting thread group... number=1 threads=1 ramp-up=1 perThread=1000.0 delayedStart=false
2019-06-11 10:32:43,553 INFO o.a.j.t.ThreadGroup: Started thread group number 1
2019-06-11 10:32:43,553 INFO o.a.j.e.StandardJMeterEngine: All thread groups have been started
2019-06-11 10:32:43,553 INFO o.a.j.t.JMeterThread: Thread started: Thread Group 1-1
2019-06-11 10:32:43,683 INFO o.a.j.t.JMeterThread: Thread is done: Thread Group 1-1
2019-06-11 10:32:43,683 INFO o.a.j.t.JMeterThread: Thread finished: Thread Group 1-1
2019-06-11 10:32:43,683 INFO o.a.j.e.StandardJMeterEngine: Notifying test listeners of end of test
2019-06-11 10:32:43,684 INFO o.a.j.g.u.JMeterMenuBar: setRunning(false, *local*)
2019-06-11 10:34:12,104 INFO o.a.j.e.StandardJMeterEngine: Running the test!
2019-06-11 10:34:12,104 INFO o.a.j.s.SampleEvent: List of sample_variables: []
2019-06-11 10:34:12,106 INFO o.a.j.g.u.JMeterMenuBar: setRunning(true, *local*)
2019-06-11 10:34:12,210 INFO o.a.j.e.StandardJMeterEngine: Starting ThreadGroup: 1 : Thread Group
2019-06-11 10:34:12,211 INFO o.a.j.e.StandardJMeterEngine: Starting 1 threads for group Thread Group.
2019-06-11 10:34:12,211 INFO o.a.j.e.StandardJMeterEngine: Thread will continue on error
2019-06-11 10:34:12,211 INFO o.a.j.t.ThreadGroup: Starting thread group... number=1 threads=1 ramp-up=1 perThread=1000.0 delayedStart=false
2019-06-11 10:34:12,212 INFO o.a.j.t.ThreadGroup: Started thread group number 1
2019-06-11 10:34:12,212 INFO o.a.j.e.StandardJMeterEngine: All thread groups have been started
2019-06-11 10:34:12,212 INFO o.a.j.t.JMeterThread: Thread started: Thread Group 1-1
2019-06-11 10:34:12,251 INFO o.a.j.t.JMeterThread: Thread is done: Thread Group 1-1
2019-06-11 10:34:12,251 INFO o.a.j.t.JMeterThread: Thread finished: Thread Group 1-1
2019-06-11 10:34:12,252 INFO o.a.j.e.StandardJMeterEngine: Notifying test listeners of end of test
2019-06-11 10:34:12,252 INFO o.a.j.g.u.JMeterMenuBar: setRunning(false, *local*)
2019-06-11 11:09:34,516 INFO o.a.j.e.StandardJMeterEngine: Running the test!
2019-06-11 11:09:34,517 INFO o.a.j.s.SampleEvent: List of sample_variables: []
2019-06-11 11:09:34,519 INFO o.a.j.g.u.JMeterMenuBar: setRunning(true, *local*)
2019-06-11 11:09:34,642 INFO o.a.j.e.StandardJMeterEngine: Starting ThreadGroup: 1 : Thread Group
2019-06-11 11:09:34,643 INFO o.a.j.e.StandardJMeterEngine: Starting 1 threads for group Thread Group.
2019-06-11 11:09:34,643 INFO o.a.j.e.StandardJMeterEngine: Thread will continue on error
2019-06-11 11:09:34,643 INFO o.a.j.t.ThreadGroup: Starting thread group... number=1 threads=1 ramp-up=1 perThread=1000.0 delayedStart=false
2019-06-11 11:09:34,643 INFO o.a.j.t.ThreadGroup: Started thread group number 1
2019-06-11 11:09:34,643 INFO o.a.j.e.StandardJMeterEngine: All thread groups have been started
2019-06-11 11:09:34,644 INFO o.a.j.t.JMeterThread: Thread started: Thread Group 1-1
2019-06-11 11:09:34,690 INFO o.a.j.t.JMeterThread: Thread is done: Thread Group 1-1
2019-06-11 11:09:34,690 INFO o.a.j.t.JMeterThread: Thread finished: Thread Group 1-1
2019-06-11 11:09:34,690 INFO o.a.j.e.StandardJMeterEngine: Notifying test listeners of end of test
2019-06-11 11:09:34,691 INFO o.a.j.g.u.JMeterMenuBar: setRunning(false, *local*)
2019-06-11 12:54:05,503 INFO o.a.j.e.StandardJMeterEngine: Running the test!
2019-06-11 12:54:05,504 INFO o.a.j.s.SampleEvent: List of sample_variables: []
2019-06-11 12:54:05,506 INFO o.a.j.g.u.JMeterMenuBar: setRunning(true, *local*)
2019-06-11 12:54:05,638 INFO o.a.j.e.StandardJMeterEngine: Starting ThreadGroup: 1 : Thread Group
2019-06-11 12:54:05,638 INFO o.a.j.e.StandardJMeterEngine: Starting 1 threads for group Thread Group.
2019-06-11 12:54:05,638 INFO o.a.j.e.StandardJMeterEngine: Thread will continue on error
2019-06-11 12:54:05,638 INFO o.a.j.t.ThreadGroup: Starting thread group... number=1 threads=1 ramp-up=1 perThread=1000.0 delayedStart=false
2019-06-11 12:54:05,639 INFO o.a.j.t.ThreadGroup: Started thread group number 1
2019-06-11 12:54:05,639 INFO o.a.j.e.StandardJMeterEngine: All thread groups have been started
2019-06-11 12:54:05,639 INFO o.a.j.t.JMeterThread: Thread started: Thread Group 1-1
2019-06-11 12:54:05,719 INFO o.a.j.t.JMeterThread: Thread is done: Thread Group 1-1
2019-06-11 12:54:05,719 INFO o.a.j.t.JMeterThread: Thread finished: Thread Group 1-1
2019-06-11 12:54:05,720 INFO o.a.j.e.StandardJMeterEngine: Notifying test listeners of end of test
2019-06-11 12:54:05,720 INFO o.a.j.g.u.JMeterMenuBar: setRunning(false, *local*)
2019-06-11 18:46:01,309 INFO o.a.j.e.StandardJMeterEngine: Running the test!
2019-06-11 18:46:01,311 INFO o.a.j.s.SampleEvent: List of sample_variables: []
2019-06-11 18:46:01,312 INFO o.a.j.g.u.JMeterMenuBar: setRunning(true, *local*)
2019-06-11 18:46:01,461 INFO o.a.j.e.StandardJMeterEngine: Starting ThreadGroup: 1 : Thread Group
2019-06-11 18:46:01,461 INFO o.a.j.e.StandardJMeterEngine: Starting 1 threads for group Thread Group.
2019-06-11 18:46:01,461 INFO o.a.j.e.StandardJMeterEngine: Thread will continue on error
2019-06-11 18:46:01,461 INFO o.a.j.t.ThreadGroup: Starting thread group... number=1 threads=1 ramp-up=1 perThread=1000.0 delayedStart=false
2019-06-11 18:46:01,463 INFO o.a.j.t.ThreadGroup: Started thread group number 1
2019-06-11 18:46:01,464 INFO o.a.j.e.StandardJMeterEngine: All thread groups have been started
2019-06-11 18:46:01,465 INFO o.a.j.t.JMeterThread: Thread started: Thread Group 1-1
2019-06-11 18:46:01,695 INFO o.a.j.t.JMeterThread: Thread is done: Thread Group 1-1
2019-06-11 18:46:01,695 INFO o.a.j.t.JMeterThread: Thread finished: Thread Group 1-1
2019-06-11 18:46:01,696 INFO o.a.j.e.StandardJMeterEngine: Notifying test listeners of end of test
2019-06-11 18:46:01,696 INFO o.a.j.g.u.JMeterMenuBar: setRunning(false, *local*)
2019-06-11 18:46:46,731 INFO o.a.j.e.StandardJMeterEngine: Running the test!
2019-06-11 18:46:46,732 INFO o.a.j.s.SampleEvent: List of sample_variables: []
2019-06-11 18:46:46,733 INFO o.a.j.g.u.JMeterMenuBar: setRunning(true, *local*)
2019-06-11 18:46:46,858 INFO o.a.j.e.StandardJMeterEngine: Starting ThreadGroup: 1 : Thread Group
2019-06-11 18:46:46,858 INFO o.a.j.e.StandardJMeterEngine: Starting 1 threads for group Thread Group.
2019-06-11 18:46:46,858 INFO o.a.j.e.StandardJMeterEngine: Thread will continue on error
2019-06-11 18:46:46,858 INFO o.a.j.t.ThreadGroup: Starting thread group... number=1 threads=1 ramp-up=1 perThread=1000.0 delayedStart=false
2019-06-11 18:46:46,859 INFO o.a.j.t.ThreadGroup: Started thread group number 1
2019-06-11 18:46:46,859 INFO o.a.j.e.StandardJMeterEngine: All thread groups have been started
2019-06-11 18:46:46,860 INFO o.a.j.t.JMeterThread: Thread started: Thread Group 1-1
2019-06-11 18:46:46,913 INFO o.a.j.t.JMeterThread: Thread is done: Thread Group 1-1
2019-06-11 18:46:46,913 INFO o.a.j.t.JMeterThread: Thread finished: Thread Group 1-1
2019-06-11 18:46:46,914 INFO o.a.j.e.StandardJMeterEngine: Notifying test listeners of end of test
2019-06-11 18:46:46,914 INFO o.a.j.g.u.JMeterMenuBar: setRunning(false, *local*)
2019-06-11 18:47:37,515 INFO o.a.j.e.StandardJMeterEngine: Running the test!
2019-06-11 18:47:37,515 INFO o.a.j.s.SampleEvent: List of sample_variables: []
2019-06-11 18:47:37,516 INFO o.a.j.g.u.JMeterMenuBar: setRunning(true, *local*)
2019-06-11 18:47:37,626 INFO o.a.j.e.StandardJMeterEngine: Starting ThreadGroup: 1 : Thread Group
2019-06-11 18:47:37,626 INFO o.a.j.e.StandardJMeterEngine: Starting 1 threads for group Thread Group.
2019-06-11 18:47:37,626 INFO o.a.j.e.StandardJMeterEngine: Thread will continue on error
2019-06-11 18:47:37,627 INFO o.a.j.t.ThreadGroup: Starting thread group... number=1 threads=1 ramp-up=1 perThread=1000.0 delayedStart=false
2019-06-11 18:47:37,627 INFO o.a.j.t.ThreadGroup: Started thread group number 1
2019-06-11 18:47:37,627 INFO o.a.j.e.StandardJMeterEngine: All thread groups have been started
2019-06-11 18:47:37,628 INFO o.a.j.t.JMeterThread: Thread started: Thread Group 1-1
2019-06-11 18:47:37,657 INFO o.a.j.t.JMeterThread: Thread is done: Thread Group 1-1
2019-06-11 18:47:37,657 INFO o.a.j.t.JMeterThread: Thread finished: Thread Group 1-1
2019-06-11 18:47:37,658 INFO o.a.j.e.StandardJMeterEngine: Notifying test listeners of end of test
2019-06-11 18:47:37,658 INFO o.a.j.g.u.JMeterMenuBar: setRunning(false, *local*)
2019-06-11 18:54:14,831 INFO o.a.j.e.StandardJMeterEngine: Running the test!
2019-06-11 18:54:14,832 INFO o.a.j.s.SampleEvent: List of sample_variables: []
2019-06-11 18:54:14,835 INFO o.a.j.g.u.JMeterMenuBar: setRunning(true, *local*)
2019-06-11 18:54:14,957 INFO o.a.j.e.StandardJMeterEngine: Starting ThreadGroup: 1 : Thread Group
2019-06-11 18:54:14,958 INFO o.a.j.e.StandardJMeterEngine: Starting 1 threads for group Thread Group.
2019-06-11 18:54:14,958 INFO o.a.j.e.StandardJMeterEngine: Thread will continue on error
2019-06-11 18:54:14,958 INFO o.a.j.t.ThreadGroup: Starting thread group... number=1 threads=1 ramp-up=1 perThread=1000.0 delayedStart=false
2019-06-11 18:54:14,960 INFO o.a.j.t.ThreadGroup: Started thread group number 1
2019-06-11 18:54:14,960 INFO o.a.j.e.StandardJMeterEngine: All thread groups have been started
2019-06-11 18:54:14,961 INFO o.a.j.t.JMeterThread: Thread started: Thread Group 1-1
2019-06-11 18:54:15,195 INFO o.a.j.t.JMeterThread: Thread is done: Thread Group 1-1
2019-06-11 18:54:15,195 INFO o.a.j.t.JMeterThread: Thread finished: Thread Group 1-1
2019-06-11 18:54:15,195 INFO o.a.j.e.StandardJMeterEngine: Notifying test listeners of end of test
2019-06-11 18:54:15,195 INFO o.a.j.g.u.JMeterMenuBar: setRunning(false, *local*)
2019-06-11 18:54:46,649 INFO o.a.j.e.StandardJMeterEngine: Running the test!
2019-06-11 18:54:46,650 INFO o.a.j.s.SampleEvent: List of sample_variables: []
2019-06-11 18:54:46,652 INFO o.a.j.g.u.JMeterMenuBar: setRunning(true, *local*)
2019-06-11 18:54:46,780 INFO o.a.j.e.StandardJMeterEngine: Starting ThreadGroup: 1 : Thread Group
2019-06-11 18:54:46,781 INFO o.a.j.e.StandardJMeterEngine: Starting 1 threads for group Thread Group.
2019-06-11 18:54:46,781 INFO o.a.j.e.StandardJMeterEngine: Thread will continue on error
2019-06-11 18:54:46,781 INFO o.a.j.t.ThreadGroup: Starting thread group... number=1 threads=1 ramp-up=1 perThread=1000.0 delayedStart=false
2019-06-11 18:54:46,782 INFO o.a.j.t.ThreadGroup: Started thread group number 1
2019-06-11 18:54:46,782 INFO o.a.j.e.StandardJMeterEngine: All thread groups have been started
2019-06-11 18:54:46,782 INFO o.a.j.t.JMeterThread: Thread started: Thread Group 1-1
2019-06-11 18:54:46,822 INFO o.a.j.t.JMeterThread: Thread is done: Thread Group 1-1
2019-06-11 18:54:46,822 INFO o.a.j.t.JMeterThread: Thread finished: Thread Group 1-1
2019-06-11 18:54:46,823 INFO o.a.j.e.StandardJMeterEngine: Notifying test listeners of end of test
2019-06-11 18:54:46,823 INFO o.a.j.g.u.JMeterMenuBar: setRunning(false, *local*)
2019-06-11 18:55:16,646 INFO o.a.j.e.StandardJMeterEngine: Running the test!
2019-06-11 18:55:16,647 INFO o.a.j.s.SampleEvent: List of sample_variables: []
2019-06-11 18:55:16,650 INFO o.a.j.g.u.JMeterMenuBar: setRunning(true, *local*)
2019-06-11 18:55:16,760 INFO o.a.j.e.StandardJMeterEngine: Starting ThreadGroup: 1 : Thread Group
2019-06-11 18:55:16,761 INFO o.a.j.e.StandardJMeterEngine: Starting 1 threads for group Thread Group.
2019-06-11 18:55:16,761 INFO o.a.j.e.StandardJMeterEngine: Thread will continue on error
2019-06-11 18:55:16,761 INFO o.a.j.t.ThreadGroup: Starting thread group... number=1 threads=1 ramp-up=1 perThread=1000.0 delayedStart=false
2019-06-11 18:55:16,762 INFO o.a.j.t.ThreadGroup: Started thread group number 1
2019-06-11 18:55:16,762 INFO o.a.j.e.StandardJMeterEngine: All thread groups have been started
2019-06-11 18:55:16,762 INFO o.a.j.t.JMeterThread: Thread started: Thread Group 1-1
2019-06-11 18:55:16,797 INFO o.a.j.t.JMeterThread: Thread is done: Thread Group 1-1
2019-06-11 18:55:16,797 INFO o.a.j.t.JMeterThread: Thread finished: Thread Group 1-1
2019-06-11 18:55:16,797 INFO o.a.j.e.StandardJMeterEngine: Notifying test listeners of end of test
2019-06-11 18:55:16,797 INFO o.a.j.g.u.JMeterMenuBar: setRunning(false, *local*)
2019-06-11 18:56:20,828 INFO o.a.j.e.StandardJMeterEngine: Running the test!
2019-06-11 18:56:20,828 INFO o.a.j.s.SampleEvent: List of sample_variables: []
2019-06-11 18:56:20,830 INFO o.a.j.g.u.JMeterMenuBar: setRunning(true, *local*)
2019-06-11 18:56:20,948 INFO o.a.j.e.StandardJMeterEngine: Starting ThreadGroup: 1 : Thread Group
2019-06-11 18:56:20,948 INFO o.a.j.e.StandardJMeterEngine: Starting 1 threads for group Thread Group.
2019-06-11 18:56:20,948 INFO o.a.j.e.StandardJMeterEngine: Thread will continue on error
2019-06-11 18:56:20,949 INFO o.a.j.t.ThreadGroup: Starting thread group... number=1 threads=1 ramp-up=1 perThread=1000.0 delayedStart=false
2019-06-11 18:56:20,950 INFO o.a.j.t.ThreadGroup: Started thread group number 1
2019-06-11 18:56:20,950 INFO o.a.j.e.StandardJMeterEngine: All thread groups have been started
2019-06-11 18:56:20,952 INFO o.a.j.t.JMeterThread: Thread started: Thread Group 1-1
2019-06-11 18:56:20,994 INFO o.a.j.t.JMeterThread: Thread is done: Thread Group 1-1
2019-06-11 18:56:20,994 INFO o.a.j.t.JMeterThread: Thread finished: Thread Group 1-1
2019-06-11 18:56:20,995 INFO o.a.j.e.StandardJMeterEngine: Notifying test listeners of end of test
2019-06-11 18:56:20,995 INFO o.a.j.g.u.JMeterMenuBar: setRunning(false, *local*)
2019-06-11 18:56:51,990 INFO o.a.j.e.StandardJMeterEngine: Running the test!
2019-06-11 18:56:51,990 INFO o.a.j.s.SampleEvent: List of sample_variables: []
2019-06-11 18:56:51,993 INFO o.a.j.g.u.JMeterMenuBar: setRunning(true, *local*)
2019-06-11 18:56:52,104 INFO o.a.j.e.StandardJMeterEngine: Starting ThreadGroup: 1 : Thread Group
2019-06-11 18:56:52,104 INFO o.a.j.e.StandardJMeterEngine: Starting 1 threads for group Thread Group.
2019-06-11 18:56:52,104 INFO o.a.j.e.StandardJMeterEngine: Thread will continue on error
2019-06-11 18:56:52,104 INFO o.a.j.t.ThreadGroup: Starting thread group... number=1 threads=1 ramp-up=1 perThread=1000.0 delayedStart=false
2019-06-11 18:56:52,105 INFO o.a.j.t.ThreadGroup: Started thread group number 1
2019-06-11 18:56:52,105 INFO o.a.j.e.StandardJMeterEngine: All thread groups have been started
2019-06-11 18:56:52,106 INFO o.a.j.t.JMeterThread: Thread started: Thread Group 1-1
2019-06-11 18:56:52,143 INFO o.a.j.t.JMeterThread: Thread is done: Thread Group 1-1
2019-06-11 18:56:52,143 INFO o.a.j.t.JMeterThread: Thread finished: Thread Group 1-1
2019-06-11 18:56:52,144 INFO o.a.j.e.StandardJMeterEngine: Notifying test listeners of end of test
2019-06-11 18:56:52,144 INFO o.a.j.g.u.JMeterMenuBar: setRunning(false, *local*)
2019-06-17 12:57:56,219 INFO o.a.j.g.a.Load: Loading file: /Users/nisum/Documents/jmeterfile/MYJMX/WBT_1.jmx
2019-06-17 12:57:56,230 INFO o.a.j.s.FileServer: Set new base='/Users/nisum/Documents/jmeterfile/MYJMX'
2019-06-17 12:57:56,230 INFO o.a.j.s.SaveService: Loading file: /Users/nisum/Documents/jmeterfile/MYJMX/WBT_1.jmx
2019-06-17 12:57:57,365 INFO o.a.j.s.FileServer: Set new base='/Users/nisum/Documents/jmeterfile/MYJMX'
2019-06-17 12:58:03,844 INFO o.a.j.g.a.Load: Loading file: /Users/nisum/Documents/jmeterfile/MYJMX/content_v11.jmx
2019-06-17 12:58:03,844 INFO o.a.j.s.FileServer: Set new base='/Users/nisum/Documents/jmeterfile/MYJMX'
2019-06-17 12:58:03,845 INFO o.a.j.s.SaveService: Loading file: /Users/nisum/Documents/jmeterfile/MYJMX/content_v11.jmx
2019-06-17 12:58:04,252 INFO o.a.j.s.FileServer: Set new base='/Users/nisum/Documents/jmeterfile/MYJMX'
2019-06-18 11:39:54,322 INFO o.a.j.g.a.Load: Loading file: /Users/nisum/Downloads/demo2/target/Springboot.jmx
2019-06-18 11:39:54,348 INFO o.a.j.s.FileServer: Set new base='/Users/nisum/Downloads/demo2/target'
2019-06-18 11:39:54,349 INFO o.a.j.s.SaveService: Loading file: /Users/nisum/Downloads/demo2/target/Springboot.jmx
2019-06-18 11:39:54,584 INFO o.a.j.s.FileServer: Set new base='/Users/nisum/Downloads/demo2/target'
2019-06-18 11:40:20,497 INFO o.a.j.e.StandardJMeterEngine: Running the test!
2019-06-18 11:40:20,498 INFO o.a.j.s.SampleEvent: List of sample_variables: []
2019-06-18 11:40:20,500 INFO o.a.j.g.u.JMeterMenuBar: setRunning(true, *local*)
2019-06-18 11:40:20,744 INFO o.a.j.e.StandardJMeterEngine: Starting ThreadGroup: 1 : Thread Group
2019-06-18 11:40:20,744 INFO o.a.j.e.StandardJMeterEngine: Starting 1 threads for group Thread Group.
2019-06-18 11:40:20,744 INFO o.a.j.e.StandardJMeterEngine: Thread will continue on error
2019-06-18 11:40:20,745 INFO o.a.j.t.ThreadGroup: Starting thread group... number=1 threads=1 ramp-up=1 perThread=1000.0 delayedStart=false
2019-06-18 11:40:20,745 INFO o.a.j.t.ThreadGroup: Started thread group number 1
2019-06-18 11:40:20,745 INFO o.a.j.e.StandardJMeterEngine: All thread groups have been started
2019-06-18 11:40:20,746 INFO o.a.j.t.JMeterThread: Thread started: Thread Group 1-1
2019-06-18 11:40:21,184 INFO o.a.j.t.JMeterThread: Thread is done: Thread Group 1-1
2019-06-18 11:40:21,184 INFO o.a.j.t.JMeterThread: Thread finished: Thread Group 1-1
2019-06-18 11:40:21,185 INFO o.a.j.e.StandardJMeterEngine: Notifying test listeners of end of test
2019-06-18 11:40:21,185 INFO o.a.j.g.u.JMeterMenuBar: setRunning(false, *local*)
2019-06-18 11:52:16,408 INFO o.a.j.e.StandardJMeterEngine: Running the test!
2019-06-18 11:52:16,408 INFO o.a.j.s.SampleEvent: List of sample_variables: []
2019-06-18 11:52:16,410 INFO o.a.j.g.u.JMeterMenuBar: setRunning(true, *local*)
2019-06-18 11:52:16,543 INFO o.a.j.e.StandardJMeterEngine: Starting ThreadGroup: 1 : Thread Group
2019-06-18 11:52:16,543 INFO o.a.j.e.StandardJMeterEngine: Starting 1 threads for group Thread Group.
2019-06-18 11:52:16,543 INFO o.a.j.e.StandardJMeterEngine: Thread will continue on error
2019-06-18 11:52:16,544 INFO o.a.j.t.ThreadGroup: Starting thread group... number=1 threads=1 ramp-up=1 perThread=1000.0 delayedStart=false
2019-06-18 11:52:16,544 INFO o.a.j.t.ThreadGroup: Started thread group number 1
2019-06-18 11:52:16,544 INFO o.a.j.e.StandardJMeterEngine: Starting ThreadGroup: 2 : Thread Group
2019-06-18 11:52:16,544 INFO o.a.j.e.StandardJMeterEngine: Starting 1 threads for group Thread Group.
2019-06-18 11:52:16,544 INFO o.a.j.e.StandardJMeterEngine: Thread will continue on error
2019-06-18 11:52:16,544 INFO o.a.j.t.ThreadGroup: Starting thread group... number=2 threads=1 ramp-up=1 perThread=1000.0 delayedStart=false
2019-06-18 11:52:16,545 INFO o.a.j.t.JMeterThread: Thread started: Thread Group 1-1
2019-06-18 11:52:16,545 INFO o.a.j.t.ThreadGroup: Started thread group number 2
2019-06-18 11:52:16,545 INFO o.a.j.e.StandardJMeterEngine: All thread groups have been started
2019-06-18 11:52:16,545 INFO o.a.j.t.JMeterThread: Thread started: Thread Group 2-1
2019-06-18 11:52:16,546 INFO o.a.j.t.JMeterThread: Thread is done: Thread Group 2-1
2019-06-18 11:52:16,546 INFO o.a.j.t.JMeterThread: Thread finished: Thread Group 2-1
2019-06-18 11:52:16,671 INFO o.a.j.t.JMeterThread: Thread is done: Thread Group 1-1
2019-06-18 11:52:16,671 INFO o.a.j.t.JMeterThread: Thread finished: Thread Group 1-1
2019-06-18 11:52:16,671 INFO o.a.j.e.StandardJMeterEngine: Notifying test listeners of end of test
2019-06-18 11:52:16,672 INFO o.a.j.g.u.JMeterMenuBar: setRunning(false, *local*)
2019-06-18 11:52:20,136 INFO o.a.j.e.StandardJMeterEngine: Running the test!
2019-06-18 11:52:20,136 INFO o.a.j.s.SampleEvent: List of sample_variables: []
2019-06-18 11:52:20,137 INFO o.a.j.g.u.JMeterMenuBar: setRunning(true, *local*)
2019-06-18 11:52:20,261 INFO o.a.j.e.StandardJMeterEngine: Starting ThreadGroup: 1 : Thread Group
2019-06-18 11:52:20,261 INFO o.a.j.e.StandardJMeterEngine: Starting 1 threads for group Thread Group.
2019-06-18 11:52:20,261 INFO o.a.j.e.StandardJMeterEngine: Thread will continue on error
2019-06-18 11:52:20,261 INFO o.a.j.t.ThreadGroup: Starting thread group... number=1 threads=1 ramp-up=1 perThread=1000.0 delayedStart=false
2019-06-18 11:52:20,262 INFO o.a.j.t.ThreadGroup: Started thread group number 1
2019-06-18 11:52:20,262 INFO o.a.j.e.StandardJMeterEngine: Starting ThreadGroup: 2 : Thread Group
2019-06-18 11:52:20,262 INFO o.a.j.e.StandardJMeterEngine: Starting 1 threads for group Thread Group.
2019-06-18 11:52:20,262 INFO o.a.j.e.StandardJMeterEngine: Thread will continue on error
2019-06-18 11:52:20,262 INFO o.a.j.t.ThreadGroup: Starting thread group... number=2 threads=1 ramp-up=1 perThread=1000.0 delayedStart=false
2019-06-18 11:52:20,262 INFO o.a.j.t.ThreadGroup: Started thread group number 2
2019-06-18 11:52:20,262 INFO o.a.j.e.StandardJMeterEngine: All thread groups have been started
2019-06-18 11:52:20,262 INFO o.a.j.t.JMeterThread: Thread started: Thread Group 1-1
2019-06-18 11:52:20,262 INFO o.a.j.t.JMeterThread: Thread started: Thread Group 2-1
2019-06-18 11:52:20,263 INFO o.a.j.t.JMeterThread: Thread is done: Thread Group 2-1
2019-06-18 11:52:20,263 INFO o.a.j.t.JMeterThread: Thread finished: Thread Group 2-1
2019-06-18 11:52:20,329 INFO o.a.j.t.JMeterThread: Thread is done: Thread Group 1-1
2019-06-18 11:52:20,330 INFO o.a.j.t.JMeterThread: Thread finished: Thread Group 1-1
2019-06-18 11:52:20,330 INFO o.a.j.e.StandardJMeterEngine: Notifying test listeners of end of test
2019-06-18 11:52:20,330 INFO o.a.j.g.u.JMeterMenuBar: setRunning(false, *local*)
2019-06-18 11:52:56,466 INFO o.a.j.g.a.Load: Loading file: /Users/nisum/Documents/jmeterfile/MYJMX/macysui.jmx
2019-06-18 11:52:56,466 INFO o.a.j.s.FileServer: Set new base='/Users/nisum/Documents/jmeterfile/MYJMX'
2019-06-18 11:52:56,466 INFO o.a.j.s.SaveService: Loading file: /Users/nisum/Documents/jmeterfile/MYJMX/macysui.jmx
2019-06-18 11:52:56,508 INFO o.a.j.s.FileServer: Set new base='/Users/nisum/Documents/jmeterfile/MYJMX'
